[17:32:52] [main/INFO]: Environment: authHost='https://authserver.mojang.com', accountsHost='https://api.mojang.com', sessionHost='https://sessionserver.mojang.com', name='PROD'
[17:32:54] [main/INFO]: Reloading ResourceManager: Default, bukkit
[17:32:57] [Worker-Main-2/INFO]: Loaded 7 recipes
[17:33:01] [Server thread/INFO]: Starting minecraft server version 1.16.3
[17:33:01] [Server thread/INFO]: Loading properties
[17:33:03] [Server thread/INFO]: This server is running CraftBukkit version git-Spigot-57bbdd8-dea4138 (MC: 1.16.3) (Implementing API version 1.16.3-R0.1-SNAPSHOT)
[17:33:03] [Server thread/INFO]: Server Ping Player Sample Count: 12
[17:33:03] [Server thread/INFO]: Using 4 threads for Netty based IO
[17:33:03] [Server thread/INFO]: Debug logging is disabled
[17:33:03] [Server thread/INFO]: Default game type: SURVIVAL
[17:33:03] [Server thread/INFO]: Generating keypair
[17:33:07] [Server thread/INFO]: Starting Minecraft server on *:25564
[17:33:07] [Server thread/INFO]: Using epoll channel type
[17:33:08] [Server thread/INFO]: Preparing level "vulcario"
[17:33:08] [Server thread/INFO]: -------- World Settings For [vulcario] --------
[17:33:08] [Server thread/INFO]: Experience Merge Radius: 3.0
[17:33:08] [Server thread/INFO]: Mob Spawn Range: 6
[17:33:08] [Server thread/INFO]: Cactus Growth Modifier: 100%
[17:33:08] [Server thread/INFO]: Cane Growth Modifier: 100%
[17:33:08] [Server thread/INFO]: Melon Growth Modifier: 100%
[17:33:08] [Server thread/INFO]: Mushroom Growth Modifier: 100%
[17:33:08] [Server thread/INFO]: Pumpkin Growth Modifier: 100%
[17:33:08] [Server thread/INFO]: Sapling Growth Modifier: 100%
[17:33:08] [Server thread/INFO]: Beetroot Growth Modifier: 100%
[17:33:08] [Server thread/INFO]: Carrot Growth Modifier: 100%
[17:33:08] [Server thread/INFO]: Potato Growth Modifier: 100%
[17:33:08] [Server thread/INFO]: Wheat Growth Modifier: 100%
[17:33:08] [Server thread/INFO]: NetherWart Growth Modifier: 100%
[17:33:08] [Server thread/INFO]: Vine Growth Modifier: 100%
[17:33:08] [Server thread/INFO]: Cocoa Growth Modifier: 100%
[17:33:08] [Server thread/INFO]: Bamboo Growth Modifier: 100%
[17:33:08] [Server thread/INFO]: SweetBerry Growth Modifier: 100%
[17:33:08] [Server thread/INFO]: Kelp Growth Modifier: 100%
[17:33:08] [Server thread/INFO]: Entity Activation Range: An 32 / Mo 32 / Ra 48 / Mi 16 / Tiv true
[17:33:08] [Server thread/INFO]: Hopper Transfer: 8 Hopper Check: 1 Hopper Amount: 1
[17:33:08] [Server thread/INFO]: Custom Map Seeds:  Village: 10387312 Desert: 14357617 Igloo: 14357618 Jungle: 14357619 Swamp: 14357620 Monument: 10387313 Ocean: 14357621 Shipwreck: 165745295 End City: 10387313 Slime: 987234911 Bastion: 30084232 Fortress: 30084232 Mansion: 10387319 Fossil: 14357921 Portal: 34222645
[17:33:08] [Server thread/INFO]: Max TNT Explosions: 100
[17:33:08] [Server thread/INFO]: Tile Max Tick Time: 50ms Entity max Tick Time: 50ms
[17:33:08] [Server thread/INFO]: Entity Tracking Range: Pl 48 / An 48 / Mo 48 / Mi 32 / Other 64
[17:33:08] [Server thread/INFO]: Allow Zombie Pigmen to spawn from portal blocks: true
[17:33:08] [Server thread/INFO]: Item Merge Radius: 2.5
[17:33:08] [Server thread/INFO]: Item Despawn Rate: 6000
[17:33:08] [Server thread/INFO]: View Distance: 10
[17:33:08] [Server thread/INFO]: Nerfing mobs spawned from spawners: false
[17:33:08] [Server thread/INFO]: Arrow Despawn Rate: 1200 Trident Respawn Rate:1200
[17:33:08] [Server thread/INFO]: Zombie Aggressive Towards Villager: true
[17:33:09] [Server thread/INFO]: -------- World Settings For [vulcario_nether] --------
[17:33:09] [Server thread/INFO]: Experience Merge Radius: 3.0
[17:33:09] [Server thread/INFO]: Mob Spawn Range: 6
[17:33:09] [Server thread/INFO]: Cactus Growth Modifier: 100%
[17:33:09] [Server thread/INFO]: Cane Growth Modifier: 100%
[17:33:09] [Server thread/INFO]: Melon Growth Modifier: 100%
[17:33:09] [Server thread/INFO]: Mushroom Growth Modifier: 100%
[17:33:09] [Server thread/INFO]: Pumpkin Growth Modifier: 100%
[17:33:09] [Server thread/INFO]: Sapling Growth Modifier: 100%
[17:33:09] [Server thread/INFO]: Beetroot Growth Modifier: 100%
[17:33:09] [Server thread/INFO]: Carrot Growth Modifier: 100%
[17:33:09] [Server thread/INFO]: Potato Growth Modifier: 100%
[17:33:09] [Server thread/INFO]: Wheat Growth Modifier: 100%
[17:33:09] [Server thread/INFO]: NetherWart Growth Modifier: 100%
[17:33:09] [Server thread/INFO]: Vine Growth Modifier: 100%
[17:33:09] [Server thread/INFO]: Cocoa Growth Modifier: 100%
[17:33:09] [Server thread/INFO]: Bamboo Growth Modifier: 100%
[17:33:09] [Server thread/INFO]: SweetBerry Growth Modifier: 100%
[17:33:09] [Server thread/INFO]: Kelp Growth Modifier: 100%
[17:33:09] [Server thread/INFO]: Entity Activation Range: An 32 / Mo 32 / Ra 48 / Mi 16 / Tiv true
[17:33:09] [Server thread/INFO]: Hopper Transfer: 8 Hopper Check: 1 Hopper Amount: 1
[17:33:09] [Server thread/INFO]: Custom Map Seeds:  Village: 10387312 Desert: 14357617 Igloo: 14357618 Jungle: 14357619 Swamp: 14357620 Monument: 10387313 Ocean: 14357621 Shipwreck: 165745295 End City: 10387313 Slime: 987234911 Bastion: 30084232 Fortress: 30084232 Mansion: 10387319 Fossil: 14357921 Portal: 34222645
[17:33:09] [Server thread/INFO]: Max TNT Explosions: 100
[17:33:09] [Server thread/INFO]: Tile Max Tick Time: 50ms Entity max Tick Time: 50ms
[17:33:09] [Server thread/INFO]: Entity Tracking Range: Pl 48 / An 48 / Mo 48 / Mi 32 / Other 64
[17:33:09] [Server thread/INFO]: Allow Zombie Pigmen to spawn from portal blocks: true
[17:33:09] [Server thread/INFO]: Item Merge Radius: 2.5
[17:33:09] [Server thread/INFO]: Item Despawn Rate: 6000
[17:33:09] [Server thread/INFO]: View Distance: 10
[17:33:09] [Server thread/INFO]: Nerfing mobs spawned from spawners: false
[17:33:09] [Server thread/INFO]: Arrow Despawn Rate: 1200 Trident Respawn Rate:1200
[17:33:09] [Server thread/INFO]: Zombie Aggressive Towards Villager: true
[17:33:09] [Server thread/INFO]: -------- World Settings For [vulcario_the_end] --------
[17:33:09] [Server thread/INFO]: Experience Merge Radius: 3.0
[17:33:09] [Server thread/INFO]: Mob Spawn Range: 6
[17:33:09] [Server thread/INFO]: Cactus Growth Modifier: 100%
[17:33:09] [Server thread/INFO]: Cane Growth Modifier: 100%
[17:33:09] [Server thread/INFO]: Melon Growth Modifier: 100%
[17:33:09] [Server thread/INFO]: Mushroom Growth Modifier: 100%
[17:33:09] [Server thread/INFO]: Pumpkin Growth Modifier: 100%
[17:33:09] [Server thread/INFO]: Sapling Growth Modifier: 100%
[17:33:09] [Server thread/INFO]: Beetroot Growth Modifier: 100%
[17:33:09] [Server thread/INFO]: Carrot Growth Modifier: 100%
[17:33:09] [Server thread/INFO]: Potato Growth Modifier: 100%
[17:33:09] [Server thread/INFO]: Wheat Growth Modifier: 100%
[17:33:09] [Server thread/INFO]: NetherWart Growth Modifier: 100%
[17:33:09] [Server thread/INFO]: Vine Growth Modifier: 100%
[17:33:09] [Server thread/INFO]: Cocoa Growth Modifier: 100%
[17:33:09] [Server thread/INFO]: Bamboo Growth Modifier: 100%
[17:33:09] [Server thread/INFO]: SweetBerry Growth Modifier: 100%
[17:33:09] [Server thread/INFO]: Kelp Growth Modifier: 100%
[17:33:09] [Server thread/INFO]: Entity Activation Range: An 32 / Mo 32 / Ra 48 / Mi 16 / Tiv true
[17:33:09] [Server thread/INFO]: Hopper Transfer: 8 Hopper Check: 1 Hopper Amount: 1
[17:33:09] [Server thread/INFO]: Custom Map Seeds:  Village: 10387312 Desert: 14357617 Igloo: 14357618 Jungle: 14357619 Swamp: 14357620 Monument: 10387313 Ocean: 14357621 Shipwreck: 165745295 End City: 10387313 Slime: 987234911 Bastion: 30084232 Fortress: 30084232 Mansion: 10387319 Fossil: 14357921 Portal: 34222645
[17:33:09] [Server thread/INFO]: Max TNT Explosions: 100
[17:33:09] [Server thread/INFO]: Tile Max Tick Time: 50ms Entity max Tick Time: 50ms
[17:33:09] [Server thread/INFO]: Entity Tracking Range: Pl 48 / An 48 / Mo 48 / Mi 32 / Other 64
[17:33:09] [Server thread/INFO]: Allow Zombie Pigmen to spawn from portal blocks: true
[17:33:09] [Server thread/INFO]: Item Merge Radius: 2.5
[17:33:09] [Server thread/INFO]: Item Despawn Rate: 6000
[17:33:09] [Server thread/INFO]: View Distance: 10
[17:33:09] [Server thread/INFO]: Nerfing mobs spawned from spawners: false
[17:33:09] [Server thread/INFO]: Arrow Despawn Rate: 1200 Trident Respawn Rate:1200
[17:33:09] [Server thread/INFO]: Zombie Aggressive Towards Villager: true
[17:33:09] [Server thread/INFO]: Preparing start region for dimension minecraft:overworld
[17:33:14] [Server thread/INFO]: Preparing spawn area: 0%
[17:33:14] [Server thread/INFO]: Preparing spawn area: 0%
[17:33:14] [Server thread/INFO]: Preparing spawn area: 0%
[17:33:14] [Server thread/INFO]: Preparing spawn area: 0%
[17:33:14] [Server thread/INFO]: Preparing spawn area: 0%
[17:33:14] [Server thread/INFO]: Preparing spawn area: 0%
[17:33:14] [Server thread/INFO]: Preparing spawn area: 0%
[17:33:14] [Server thread/INFO]: Preparing spawn area: 0%
[17:33:14] [Server thread/INFO]: Preparing spawn area: 0%
[17:33:14] [Server thread/INFO]: Preparing spawn area: 0%
[17:33:14] [Server thread/INFO]: Preparing spawn area: 0%
[17:33:15] [Server thread/INFO]: Preparing spawn area: 0%
[17:33:15] [Server thread/INFO]: Preparing spawn area: 0%
[17:33:16] [Server thread/INFO]: Preparing spawn area: 52%
[17:33:17] [Server thread/INFO]: Time elapsed: 8563 ms
[17:33:17] [Server thread/INFO]: Preparing start region for dimension minecraft:the_nether
[17:33:22] [Server thread/INFO]: Preparing spawn area: 0%
[17:33:22] [Server thread/INFO]: Preparing spawn area: 0%
[17:33:22] [Server thread/INFO]: Preparing spawn area: 0%
[17:33:22] [Server thread/INFO]: Preparing spawn area: 0%
[17:33:22] [Server thread/INFO]: Preparing spawn area: 0%
[17:33:22] [Server thread/INFO]: Preparing spawn area: 0%
[17:33:22] [Server thread/INFO]: Preparing spawn area: 0%
[17:33:22] [Server thread/INFO]: Preparing spawn area: 0%
[17:33:22] [Server thread/INFO]: Preparing spawn area: 0%
[17:33:22] [Worker-Main-3/INFO]: Preparing spawn area: 83%
[17:33:22] [Worker-Main-3/INFO]: Preparing spawn area: 83%
[17:33:23] [Worker-Main-3/INFO]: Preparing spawn area: 83%
[17:33:23] [Worker-Main-3/INFO]: Preparing spawn area: 83%
[17:33:24] [Worker-Main-3/INFO]: Preparing spawn area: 83%
[17:33:24] [Worker-Main-3/INFO]: Preparing spawn area: 83%
[17:33:25] [Worker-Main-3/INFO]: Preparing spawn area: 83%
[17:33:25] [Worker-Main-3/INFO]: Preparing spawn area: 83%
[17:33:26] [Worker-Main-3/INFO]: Preparing spawn area: 83%
[17:33:26] [Worker-Main-3/INFO]: Preparing spawn area: 83%
[17:33:27] [Worker-Main-3/INFO]: Preparing spawn area: 83%
[17:33:27] [Worker-Main-3/INFO]: Preparing spawn area: 83%
[17:33:28] [Worker-Main-3/INFO]: Preparing spawn area: 83%
[17:33:28] [Worker-Main-3/INFO]: Preparing spawn area: 83%
[17:33:29] [Worker-Main-3/INFO]: Preparing spawn area: 83%
[17:33:29] [Worker-Main-3/INFO]: Preparing spawn area: 83%
[17:33:30] [Worker-Main-3/INFO]: Preparing spawn area: 83%
[17:33:30] [Worker-Main-3/INFO]: Preparing spawn area: 83%
[17:33:31] [Worker-Main-3/INFO]: Preparing spawn area: 83%
[17:33:31] [Worker-Main-3/INFO]: Preparing spawn area: 85%
[17:33:32] [Worker-Main-3/INFO]: Preparing spawn area: 86%
[17:33:32] [Worker-Main-3/INFO]: Preparing spawn area: 88%
[17:33:33] [Worker-Main-3/INFO]: Preparing spawn area: 89%
[17:33:33] [Worker-Main-3/INFO]: Preparing spawn area: 89%
[17:33:34] [Worker-Main-3/INFO]: Preparing spawn area: 91%
[17:33:34] [Worker-Main-3/INFO]: Preparing spawn area: 92%
[17:33:35] [Worker-Main-3/INFO]: Preparing spawn area: 92%
[17:33:35] [Worker-Main-3/INFO]: Preparing spawn area: 92%
[17:33:36] [Worker-Main-3/INFO]: Preparing spawn area: 94%
[17:33:36] [Worker-Main-3/INFO]: Preparing spawn area: 94%
[17:33:37] [Worker-Main-3/INFO]: Preparing spawn area: 94%
[17:33:38] [Worker-Main-3/INFO]: Preparing spawn area: 96%
[17:33:38] [Worker-Main-3/INFO]: Preparing spawn area: 96%
[17:33:38] [Worker-Main-3/INFO]: Preparing spawn area: 99%
[17:33:39] [Server thread/INFO]: Time elapsed: 21669 ms
[17:33:39] [Server thread/INFO]: Preparing start region for dimension minecraft:the_end
[17:33:41] [Server thread/INFO]: Preparing spawn area: 0%
[17:33:41] [Server thread/INFO]: Preparing spawn area: 0%
[17:33:41] [Server thread/INFO]: Preparing spawn area: 0%
[17:33:41] [Server thread/INFO]: Preparing spawn area: 0%
[17:33:41] [Server thread/INFO]: Preparing spawn area: 20%
[17:33:42] [Worker-Main-3/INFO]: Preparing spawn area: 83%
[17:33:42] [Worker-Main-3/INFO]: Preparing spawn area: 83%
[17:33:43] [Worker-Main-3/INFO]: Preparing spawn area: 83%
[17:33:43] [Worker-Main-3/INFO]: Preparing spawn area: 83%
[17:33:44] [Worker-Main-3/INFO]: Preparing spawn area: 84%
[17:33:44] [Worker-Main-3/INFO]: Preparing spawn area: 89%
[17:33:45] [Server thread/INFO]: Time elapsed: 5452 ms
[17:33:45] [Server thread/INFO]: Server permissions file permissions.yml is empty, ignoring it
[17:33:45] [Server thread/INFO]: Done (36.722s)! For help, type "help"
[17:35:59] [Server thread/INFO]: Stopping the server
[17:35:59] [Server thread/INFO]: Stopping server
[17:35:59] [Server thread/INFO]: Saving players
[17:35:59] [Server thread/INFO]: Saving worlds
[17:35:59] [Server thread/INFO]: Saving chunks for level 'ServerLevel[vulcario]'/minecraft:overworld
[17:36:17] [Server thread/INFO]: ThreadedAnvilChunkStorage (vulcario): All chunks are saved
[17:36:18] [Server thread/INFO]: Saving chunks for level 'ServerLevel[vulcario_nether]'/minecraft:the_nether
[17:36:35] [Server thread/INFO]: ThreadedAnvilChunkStorage (DIM-1): All chunks are saved
[17:36:35] [Server thread/INFO]: Saving chunks for level 'ServerLevel[vulcario_the_end]'/minecraft:the_end
[17:36:52] [Server thread/INFO]: ThreadedAnvilChunkStorage (DIM1): All chunks are saved
[17:36:52] [Server thread/INFO]: ThreadedAnvilChunkStorage (vulcario): All chunks are saved
[17:36:52] [Server thread/INFO]: ThreadedAnvilChunkStorage (DIM-1): All chunks are saved
[17:36:52] [Server thread/INFO]: ThreadedAnvilChunkStorage (DIM1): All chunks are saved
